[debug] [2022-07-19T18:22:59.691Z] ----------------------------------------------------------------------
[debug] [2022-07-19T18:22:59.694Z] Command:       C:\Program Files\nodejs\node.exe C:\Users\wiole\AppData\Roaming\npm\node_modules\firebase-tools\lib\bin\firebase.js init
[debug] [2022-07-19T18:22:59.695Z] CLI Version:   11.2.2
[debug] [2022-07-19T18:22:59.695Z] Platform:      win32
[debug] [2022-07-19T18:22:59.695Z] Node Version:  v16.14.2
[debug] [2022-07-19T18:22:59.699Z] Time:          Tue Jul 19 2022 20:22:59 GMT+0200 (Central European Summer Time)
[debug] [2022-07-19T18:22:59.699Z] ----------------------------------------------------------------------
[debug] 
[debug] [2022-07-19T18:22:59.704Z] >>> [apiv2][query] GET https://firebase-public.firebaseio.com/cli.json [none]
[debug] [2022-07-19T18:22:59.736Z] > command requires scopes: ["email","openid","https://www.googleapis.com/auth/cloudplatformprojects.readonly","https://www.googleapis.com/auth/firebase","https://www.googleapis.com/auth/cloud-platform"]
[debug] [2022-07-19T18:22:59.737Z] > authorizing via signed-in user (wioletta.manka728@gmail.com)
[info] 
     ######## #### ########  ######## ########     ###     ######  ########
     ##        ##  ##     ## ##       ##     ##  ##   ##  ##       ##
     ######    ##  ########  ######   ########  #########  ######  ######
     ##        ##  ##    ##  ##       ##     ## ##     ##       ## ##
     ##       #### ##     ## ######## ########  ##     ##  ######  ########

You're about to initialize a Firebase project in this directory:

  C:\Users\wiole\source\repos\pizza-time

[debug] [2022-07-19T18:23:00.458Z] <<< [apiv2][status] GET https://firebase-public.firebaseio.com/cli.json 200
[debug] [2022-07-19T18:23:00.458Z] <<< [apiv2][body] GET https://firebase-public.firebaseio.com/cli.json {"cloudBuildErrorAfter":1594252800000,"cloudBuildWarnAfter":1590019200000,"defaultNode10After":1594252800000,"minVersion":"3.0.5","node8DeploysDisabledAfter":1613390400000,"node8RuntimeDisabledAfter":1615809600000,"node8WarnAfter":1600128000000}
[info] 
=== Project Setup
[info] 
[info] First, let's associate this project directory with a Firebase project.
[info] You can create multiple project aliases by running firebase use --add, 
[info] but for now we'll just set up a default project.
[info] 
[info] i  If you want to create a project in a Google Cloud organization or folder, please use "firebase projects:create" instead, and return to this command when you've created the project. 
[debug] [2022-07-19T18:23:45.289Z] > refreshing access token with scopes: []
[debug] [2022-07-19T18:23:45.291Z] >>> [apiv2][query] POST https://www.googleapis.com/oauth2/v3/token [none]
[debug] [2022-07-19T18:23:45.291Z] >>> [apiv2][body] POST https://www.googleapis.com/oauth2/v3/token [omitted]
[debug] [2022-07-19T18:23:45.818Z] <<< [apiv2][status] POST https://www.googleapis.com/oauth2/v3/token 200
[debug] [2022-07-19T18:23:45.818Z] <<< [apiv2][body] POST https://www.googleapis.com/oauth2/v3/token [omitted]
[debug] [2022-07-19T18:23:45.827Z] >>> [apiv2][query] POST https://cloudresourcemanager.googleapis.com/v1/projects [none]
[debug] [2022-07-19T18:23:45.827Z] >>> [apiv2][body] POST https://cloudresourcemanager.googleapis.com/v1/projects {"projectId":"pizza-time","name":"pizza-time"}
[debug] [2022-07-19T18:23:46.634Z] <<< [apiv2][status] POST https://cloudresourcemanager.googleapis.com/v1/projects 409
[debug] [2022-07-19T18:23:46.634Z] <<< [apiv2][body] POST https://cloudresourcemanager.googleapis.com/v1/projects {"error":{"code":409,"message":"Requested entity already exists","status":"ALREADY_EXISTS"}}
[debug] [2022-07-19T18:23:47.025Z] FirebaseError: HTTP Error: 409, Requested entity already exists
    at responseToError (C:\Users\wiole\AppData\Roaming\npm\node_modules\firebase-tools\lib\responseToError.js:49:12)
    at RetryOperation._fn (C:\Users\wiole\AppData\Roaming\npm\node_modules\firebase-tools\lib\apiv2.js:287:77)
    at processTicksAndRejections (node:internal/process/task_queues:96:5)
[error] 
[error] Error: Failed to create project because there is already a project with ID pizza-time. Please try again with a unique project ID.
[debug] [2022-07-19T18:25:11.375Z] ----------------------------------------------------------------------
[debug] [2022-07-19T18:25:11.378Z] Command:       C:\Program Files\nodejs\node.exe C:\Users\wiole\AppData\Roaming\npm\node_modules\firebase-tools\lib\bin\firebase.js init
[debug] [2022-07-19T18:25:11.379Z] CLI Version:   11.2.2
[debug] [2022-07-19T18:25:11.379Z] Platform:      win32
[debug] [2022-07-19T18:25:11.379Z] Node Version:  v16.14.2
[debug] [2022-07-19T18:25:11.381Z] Time:          Tue Jul 19 2022 20:25:11 GMT+0200 (Central European Summer Time)
[debug] [2022-07-19T18:25:11.381Z] ----------------------------------------------------------------------
[debug] 
[debug] [2022-07-19T18:25:11.393Z] > command requires scopes: ["email","openid","https://www.googleapis.com/auth/cloudplatformprojects.readonly","https://www.googleapis.com/auth/firebase","https://www.googleapis.com/auth/cloud-platform"]
[debug] [2022-07-19T18:25:11.394Z] > authorizing via signed-in user (wioletta.manka728@gmail.com)
[info] 
     ######## #### ########  ######## ########     ###     ######  ########
     ##        ##  ##     ## ##       ##     ##  ##   ##  ##       ##
     ######    ##  ########  ######   ########  #########  ######  ######
     ##        ##  ##    ##  ##       ##     ## ##     ##       ## ##
     ##       #### ##     ## ######## ########  ##     ##  ######  ########

You're about to initialize a Firebase project in this directory:

  C:\Users\wiole\source\repos\pizza-time

[info] 
=== Project Setup
[info] 
[info] First, let's associate this project directory with a Firebase project.
[info] You can create multiple project aliases by running firebase use --add, 
[info] but for now we'll just set up a default project.
[info] 
[debug] [2022-07-19T18:25:57.850Z] >>> [apiv2][query] GET https://firebase.googleapis.com/v1beta1/projects pageSize=100
[debug] [2022-07-19T18:25:58.945Z] <<< [apiv2][status] GET https://firebase.googleapis.com/v1beta1/projects 200
[debug] [2022-07-19T18:25:58.945Z] <<< [apiv2][body] GET https://firebase.googleapis.com/v1beta1/projects [omitted]
[info] i  Using project pizza-time-bec8f (pizza-time) 
[info] 
=== Database Setup
[info] i  database: ensuring required API firebasedatabase.googleapis.com is enabled... 
[debug] [2022-07-19T18:26:00.854Z] >>> [apiv2][query] GET https://serviceusage.googleapis.com/v1/projects/pizza-time-bec8f/services/firebasedatabase.googleapis.com [none]
[debug] [2022-07-19T18:26:02.005Z] <<< [apiv2][status] GET https://serviceusage.googleapis.com/v1/projects/pizza-time-bec8f/services/firebasedatabase.googleapis.com 200
[debug] [2022-07-19T18:26:02.006Z] <<< [apiv2][body] GET https://serviceusage.googleapis.com/v1/projects/pizza-time-bec8f/services/firebasedatabase.googleapis.com [omitted]
[warn] !  database: missing required API firebasedatabase.googleapis.com. Enabling now... 
[debug] [2022-07-19T18:26:02.008Z] >>> [apiv2][query] POST https://serviceusage.googleapis.com/v1/projects/pizza-time-bec8f/services/firebasedatabase.googleapis.com:enable [none]
[debug] [2022-07-19T18:26:03.646Z] <<< [apiv2][status] POST https://serviceusage.googleapis.com/v1/projects/pizza-time-bec8f/services/firebasedatabase.googleapis.com:enable 200
[debug] [2022-07-19T18:26:03.646Z] <<< [apiv2][body] POST https://serviceusage.googleapis.com/v1/projects/pizza-time-bec8f/services/firebasedatabase.googleapis.com:enable [omitted]
[debug] [2022-07-19T18:26:13.652Z] >>> [apiv2][query] GET https://serviceusage.googleapis.com/v1/projects/pizza-time-bec8f/services/firebasedatabase.googleapis.com [none]
[debug] [2022-07-19T18:26:15.090Z] <<< [apiv2][status] GET https://serviceusage.googleapis.com/v1/projects/pizza-time-bec8f/services/firebasedatabase.googleapis.com 200
[debug] [2022-07-19T18:26:15.090Z] <<< [apiv2][body] GET https://serviceusage.googleapis.com/v1/projects/pizza-time-bec8f/services/firebasedatabase.googleapis.com [omitted]
[info] +  database: required API firebasedatabase.googleapis.com is enabled 
[info] 
[debug] [2022-07-19T18:26:15.094Z] >>> [apiv2][query] GET https://firebase.googleapis.com/v1beta1/projects/pizza-time-bec8f [none]
[debug] [2022-07-19T18:26:15.603Z] <<< [apiv2][status] GET https://firebase.googleapis.com/v1beta1/projects/pizza-time-bec8f 200
[debug] [2022-07-19T18:26:15.604Z] <<< [apiv2][body] GET https://firebase.googleapis.com/v1beta1/projects/pizza-time-bec8f {"projectId":"pizza-time-bec8f","projectNumber":"1016982545107","displayName":"pizza-time","name":"projects/pizza-time-bec8f","resources":{"hostingSite":"pizza-time-bec8f"},"state":"ACTIVE"}
[debug] [2022-07-19T18:26:23.630Z] >>> [apiv2][query] POST https://firebasedatabase.googleapis.com/v1beta/projects/pizza-time-bec8f/locations/europe-west1/instances databaseId=pizza-time-bec8f-default-rtdb&validateOnly=true
[debug] [2022-07-19T18:26:23.630Z] >>> [apiv2][body] POST https://firebasedatabase.googleapis.com/v1beta/projects/pizza-time-bec8f/locations/europe-west1/instances {"type":"default_database"}
[debug] [2022-07-19T18:26:24.645Z] <<< [apiv2][status] POST https://firebasedatabase.googleapis.com/v1beta/projects/pizza-time-bec8f/locations/europe-west1/instances 200
[debug] [2022-07-19T18:26:24.645Z] <<< [apiv2][body] POST https://firebasedatabase.googleapis.com/v1beta/projects/pizza-time-bec8f/locations/europe-west1/instances {"name":"projects/1016982545107/locations/europe-west1/instances/pizza-time-bec8f-default-rtdb","project":"projects/1016982545107","databaseUrl":"https://pizza-time-bec8f-default-rtdb.europe-west1.firebasedatabase.app","type":"DEFAULT_DATABASE","state":"ACTIVE"}
[debug] [2022-07-19T18:26:24.647Z] >>> [apiv2][query] POST https://firebasedatabase.googleapis.com/v1beta/projects/pizza-time-bec8f/locations/europe-west1/instances databaseId=pizza-time-bec8f-default-rtdb
[debug] [2022-07-19T18:26:24.647Z] >>> [apiv2][body] POST https://firebasedatabase.googleapis.com/v1beta/projects/pizza-time-bec8f/locations/europe-west1/instances {"type":"default_database"}
[debug] [2022-07-19T18:26:25.666Z] <<< [apiv2][status] POST https://firebasedatabase.googleapis.com/v1beta/projects/pizza-time-bec8f/locations/europe-west1/instances 200
[debug] [2022-07-19T18:26:25.666Z] <<< [apiv2][body] POST https://firebasedatabase.googleapis.com/v1beta/projects/pizza-time-bec8f/locations/europe-west1/instances {"name":"projects/1016982545107/locations/europe-west1/instances/pizza-time-bec8f-default-rtdb","project":"projects/1016982545107","databaseUrl":"https://pizza-time-bec8f-default-rtdb.europe-west1.firebasedatabase.app","type":"DEFAULT_DATABASE","state":"ACTIVE"}
[info] 
[info] Firebase Realtime Database Security Rules allow you to define how your data should be
[info] structured and when your data can be read from and written to.
[info] 
[debug] [2022-07-19T18:26:30.175Z] >>> [apiv2][query] GET https://pizza-time-bec8f-default-rtdb.europe-west1.firebasedatabase.app/.settings/rules.json [none]
[debug] [2022-07-19T18:26:31.702Z] <<< [apiv2][status] GET https://pizza-time-bec8f-default-rtdb.europe-west1.firebasedatabase.app/.settings/rules.json 200
[debug] [2022-07-19T18:26:31.702Z] <<< [apiv2][body] GET https://pizza-time-bec8f-default-rtdb.europe-west1.firebasedatabase.app/.settings/rules.json [stream]
[info] +  Database Rules for pizza-time-bec8f-default-rtdb have been written to database.rules.json. 
[info] Future modifications to database.rules.json will update Realtime Database Security Rules when you run
[info] firebase deploy.
[info] 
=== Hosting Setup
[info] 
[info] Your public directory is the folder (relative to your project directory) that
[info] will contain Hosting assets to be uploaded with firebase deploy. If you
[info] have a build process for your assets, use your build's output directory.
[info] 
[debug] [2022-07-19T18:26:53.149Z] >>> [apiv2][query] GET https://www.gstatic.com/firebasejs/releases.json [none]
[debug] [2022-07-19T18:26:53.408Z] <<< [apiv2][status] GET https://www.gstatic.com/firebasejs/releases.json 200
[debug] [2022-07-19T18:26:53.409Z] <<< [apiv2][body] GET https://www.gstatic.com/firebasejs/releases.json {"current":{"version":"9.9.0","browserURL":"https://www.gstatic.com/firebasejs/9.9.0/firebase.js","packageURL":"https://www.gstatic.com/firebasejs/9.9.0/firebase.tgz"},"live":{"version":"9.9","browserURL":"https://www.gstatic.com/firebasejs/live/9.9/firebase.js","packageURL":"https://www.gstatic.com/firebasejs/live/9.9/firebase.tgz"},"components":{"analytics":"https://www.gstatic.com/firebasejs/9.9.0/firebase-analytics.js","app":"https://www.gstatic.com/firebasejs/9.9.0/firebase-app.js","app-check":"https://www.gstatic.com/firebasejs/9.9.0/firebase-app-check.js","auth":"https://www.gstatic.com/firebasejs/9.9.0/firebase-auth.js","auth/cordova":"https://www.gstatic.com/firebasejs/9.9.0/firebase-auth/cordova.js","auth/react-native":"https://www.gstatic.com/firebasejs/9.9.0/firebase-auth/react-native.js","functions":"https://www.gstatic.com/firebasejs/9.9.0/firebase-functions.js","firestore":"https://www.gstatic.com/firebasejs/9.9.0/firebase-firestore.js","firestore/lite":"https://www.gstatic.com/firebasejs/9.9.0/firebase-firestore/lite.js","installations":"https://www.gstatic.com/firebasejs/9.9.0/firebase-installations.js","storage":"https://www.gstatic.com/firebasejs/9.9.0/firebase-storage.js","performance":"https://www.gstatic.com/firebasejs/9.9.0/firebase-performance.js","remote-config":"https://www.gstatic.com/firebasejs/9.9.0/firebase-remote-config.js","messaging":"https://www.gstatic.com/firebasejs/9.9.0/firebase-messaging.js","messaging/sw":"https://www.gstatic.com/firebasejs/9.9.0/firebase-messaging/sw.js","database":"https://www.gstatic.com/firebasejs/9.9.0/firebase-database.js","firestore.memory":"https://www.gstatic.com/firebasejs/9.9.0/firebase-firestore.memory.js"}}
[info] +  Wrote dist/pizza-time/index.html 
[info] 
[info] i  Didn't detect a .git folder. Assuming C:\Users\wiole\source\repos\pizza-time is the project root. 
[info] i  Authorizing with GitHub to upload your service account to a GitHub repository's secrets store. 
[info] 
[info] Visit this URL on this device to log in:
[info] https://github.com/login/oauth/authorize?client_id=89cf50f02ac6aaed3484&state=882784516&redirect_uri=http%3A%2F%2Flocalhost%3A9005&scope=read%3Auser%20repo%20public_repo
[info] 
[info] Waiting for authentication...
[debug] [2022-07-19T18:26:54.665Z] >>> [apiv2][query] POST https://github.com/login/oauth/access_token [none]
[debug] [2022-07-19T18:26:54.666Z] >>> [apiv2][body] POST https://github.com/login/oauth/access_token [stream]
[debug] [2022-07-19T18:26:55.257Z] <<< [apiv2][status] POST https://github.com/login/oauth/access_token 200
[debug] [2022-07-19T18:26:55.257Z] <<< [apiv2][body] POST https://github.com/login/oauth/access_token {"access_token":"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","token_type":"bearer","scope":"read:user,repo"}
[debug] [2022-07-19T18:26:55.268Z] >>> [apiv2][query] GET https://api.github.com/user [none]
[debug] [2022-07-19T18:26:55.804Z] <<< [apiv2][status] GET https://api.github.com/user 200
[debug] [2022-07-19T18:26:55.804Z] <<< [apiv2][body] GET https://api.github.com/user {"login":"wmanka","id":30356791,"node_id":"MDQ6VXNlcjMwMzU2Nzkx","avatar_url":"https://avatars.githubusercontent.com/u/30356791?v=4","gravatar_id":"","url":"https://api.github.com/users/wmanka","html_url":"https://github.com/wmanka","followers_url":"https://api.github.com/users/wmanka/followers","following_url":"https://api.github.com/users/wmanka/following{/other_user}","gists_url":"https://api.github.com/users/wmanka/gists{/gist_id}","starred_url":"https://api.github.com/users/wmanka/starred{/owner}{/repo}","subscriptions_url":"https://api.github.com/users/wmanka/subscriptions","organizations_url":"https://api.github.com/users/wmanka/orgs","repos_url":"https://api.github.com/users/wmanka/repos","events_url":"https://api.github.com/users/wmanka/events{/privacy}","received_events_url":"https://api.github.com/users/wmanka/received_events","type":"User","site_admin":false,"name":null,"company":null,"blog":"","location":"Poland","email":"wioletta.manka728@gmail.com","hireable":true,"bio":null,"twitter_username":null,"public_repos":6,"public_gists":0,"followers":7,"following":6,"created_at":"2017-07-21T20:51:12Z","updated_at":"2022-06-14T20:20:04Z","private_gists":0,"total_private_repos":31,"owned_private_repos":31,"disk_usage":44319,"collaborators":3,"two_factor_authentication":false,"plan":{"name":"pro","space":976562499,"collaborators":0,"private_repos":9999}}
[info] 
[info] +  Success! Logged into GitHub as wmanka 
[info] 
[debug] [2022-07-19T18:27:08.764Z] >>> [apiv2][query] GET https://api.github.com/repos/wmanka/pizza-time/actions/secrets/public-key type=owner
[debug] [2022-07-19T18:27:09.996Z] <<< [apiv2][status] GET https://api.github.com/repos/wmanka/pizza-time/actions/secrets/public-key 404
[debug] [2022-07-19T18:27:09.996Z] <<< [apiv2][body] GET https://api.github.com/repos/wmanka/pizza-time/actions/secrets/public-key {"message":"Not Found","documentation_url":"https://docs.github.com/rest/reference/actions#get-a-repository-public-key"}
[debug] [2022-07-19T18:27:18.132Z] >>> [apiv2][query] GET https://api.github.com/repos/wmanka/pizza-time/actions/secrets/public-key type=owner
[debug] [2022-07-19T18:27:19.012Z] <<< [apiv2][status] GET https://api.github.com/repos/wmanka/pizza-time/actions/secrets/public-key 404
[debug] [2022-07-19T18:27:19.012Z] <<< [apiv2][body] GET https://api.github.com/repos/wmanka/pizza-time/actions/secrets/public-key {"message":"Not Found","documentation_url":"https://docs.github.com/rest/reference/actions#get-a-repository-public-key"}
[debug] [2022-07-19T18:27:21.092Z] >>> [apiv2][query] GET https://api.github.com/repos//actions/secrets/public-key type=owner
[debug] [2022-07-19T18:27:21.440Z] <<< [apiv2][status] GET https://api.github.com/repos//actions/secrets/public-key 404
[debug] [2022-07-19T18:27:21.440Z] <<< [apiv2][body] GET https://api.github.com/repos//actions/secrets/public-key {"message":"Not Found","documentation_url":"https://docs.github.com/rest"}
